# JRE version: Java(TM) SE Runtime Environment (7.0_45-b18) (build 1.7.0_45-b18)
# Java VM: Java HotSpot(TM) 64-Bit Server VM (24.45-b08 mixed mode windows-amd64 compressed oops)
Heap
 PSYoungGen      total 68096K, used 49351K [0x00000000f5500000, 0x00000000f9a00000, 0x0000000100000000)
  eden space 65536K, 75% used [0x00000000f5500000,0x00000000f8531e90,0x00000000f9500000)
  from space 2560K, 0% used [0x00000000f9500000,0x00000000f9500000,0x00000000f9780000)
  to   space 2560K, 0% used [0x00000000f9780000,0x00000000f9780000,0x00000000f9a00000)
 ParOldGen       total 56320K, used 20288K [0x00000000e0000000, 0x00000000e3700000, 0x00000000f5500000)
  object space 56320K, 36% used [0x00000000e0000000,0x00000000e13d0100,0x00000000e3700000)
 PSPermGen       total 131072K, used 42584K [0x00000000d8000000, 0x00000000e0000000, 0x00000000e0000000)
  object space 131072K, 32% used [0x00000000d8000000,0x00000000da9963f0,0x00000000e0000000)
GC Heap History (10 events):
Event: 10.127 GC heap before
{Heap before GC invocations=6 (full 0):
 PSYoungGen      total 68096K, used 68090K [0x00000000f5500000, 0x00000000f9a00000, 0x0000000100000000)
  eden space 65536K, 100% used [0x00000000f5500000,0x00000000f9500000,0x00000000f9500000)
  from space 2560K, 99% used [0x00000000f9500000,0x00000000f977ead8,0x00000000f9780000)
  to   space 2560K, 0% used [0x00000000f9780000,0x00000000f9780000,0x00000000f9a00000)
 ParOldGen       total 42496K, used 18706K [0x00000000e0000000, 0x00000000e2980000, 0x00000000f5500000)
  object space 42496K, 44% used [0x00000000e0000000,0x00000000e1244bf0,0x00000000e2980000)
 PSPermGen       total 131072K, used 33066K [0x00000000d8000000, 0x00000000e0000000, 0x00000000e0000000)
  object space 131072K, 25% used [0x00000000d8000000,0x00000000da04aa90,0x00000000e0000000)
Event: 10.166 GC heap after
Heap after GC invocations=6 (full 0):
 PSYoungGen      total 68096K, used 2546K [0x00000000f5500000, 0x00000000f9a00000, 0x0000000100000000)
  eden space 65536K, 0% used [0x00000000f5500000,0x00000000f5500000,0x00000000f9500000)
  from space 2560K, 99% used [0x00000000f9780000,0x00000000f99fcb38,0x00000000f9a00000)
  to   space 2560K, 0% used [0x00000000f9500000,0x00000000f9500000,0x00000000f9780000)
 ParOldGen       total 42496K, used 24372K [0x00000000e0000000, 0x00000000e2980000, 0x00000000f5500000)
  object space 42496K, 57% used [0x00000000e0000000,0x00000000e17cd2a0,0x00000000e2980000)
 PSPermGen       total 131072K, used 33066K [0x00000000d8000000, 0x00000000e0000000, 0x00000000e0000000)
  object space 131072K, 25% used [0x00000000d8000000,0x00000000da04aa90,0x00000000e0000000)
}
Event: 11.683 GC heap before
{Heap before GC invocations=7 (full 0):
 PSYoungGen      total 68096K, used 68082K [0x00000000f5500000, 0x00000000f9a00000, 0x0000000100000000)
  eden space 65536K, 100% used [0x00000000f5500000,0x00000000f9500000,0x00000000f9500000)
  from space 2560K, 99% used [0x00000000f9780000,0x00000000f99fcb38,0x00000000f9a00000)
  to   space 2560K, 0% used [0x00000000f9500000,0x00000000f9500000,0x00000000f9780000)
 ParOldGen       total 42496K, used 24372K [0x00000000e0000000, 0x00000000e2980000, 0x00000000f5500000)
  object space 42496K, 57% used [0x00000000e0000000,0x00000000e17cd2a0,0x00000000e2980000)
 PSPermGen       total 131072K, used 36397K [0x00000000d8000000, 0x00000000e0000000, 0x00000000e0000000)
  object space 131072K, 27% used [0x00000000d8000000,0x00000000da38b5a0,0x00000000e0000000)
Event: 11.709 GC heap after
Heap after GC invocations=7 (full 0):
 PSYoungGen      total 68096K, used 2548K [0x00000000f5500000, 0x00000000f9a00000, 0x0000000100000000)
  eden space 65536K, 0% used [0x00000000f5500000,0x00000000f5500000,0x00000000f9500000)
  from space 2560K, 99% used [0x00000000f9500000,0x00000000f977d260,0x00000000f9780000)
  to   space 2560K, 0% used [0x00000000f9780000,0x00000000f9780000,0x00000000f9a00000)
 ParOldGen       total 42496K, used 28839K [0x00000000e0000000, 0x00000000e2980000, 0x00000000f5500000)
  object space 42496K, 67% used [0x00000000e0000000,0x00000000e1c29e00,0x00000000e2980000)
 PSPermGen       total 131072K, used 36397K [0x00000000d8000000, 0x00000000e0000000, 0x00000000e0000000)
  object space 131072K, 27% used [0x00000000d8000000,0x00000000da38b5a0,0x00000000e0000000)
}
Event: 13.312 GC heap before
{Heap before GC invocations=8 (full 0):
 PSYoungGen      total 68096K, used 68084K [0x00000000f5500000, 0x00000000f9a00000, 0x0000000100000000)
  eden space 65536K, 100% used [0x00000000f5500000,0x00000000f9500000,0x00000000f9500000)
  from space 2560K, 99% used [0x00000000f9500000,0x00000000f977d260,0x00000000f9780000)
  to   space 2560K, 0% used [0x00000000f9780000,0x00000000f9780000,0x00000000f9a00000)
 ParOldGen       total 42496K, used 28839K [0x00000000e0000000, 0x00000000e2980000, 0x00000000f5500000)
  object space 42496K, 67% used [0x00000000e0000000,0x00000000e1c29e00,0x00000000e2980000)
 PSPermGen       total 131072K, used 38467K [0x00000000d8000000, 0x00000000e0000000, 0x00000000e0000000)
  object space 131072K, 29% used [0x00000000d8000000,0x00000000da590de8,0x00000000e0000000)
Event: 13.332 GC heap after
Heap after GC invocations=8 (full 0):
 PSYoungGen      total 68096K, used 2532K [0x00000000f5500000, 0x00000000f9a00000, 0x0000000100000000)
  eden space 65536K, 0% used [0x00000000f5500000,0x00000000f5500000,0x00000000f9500000)
  from space 2560K, 98% used [0x00000000f9780000,0x00000000f99f9250,0x00000000f9a00000)
  to   space 2560K, 0% used [0x00000000f9500000,0x00000000f9500000,0x00000000f9780000)
 ParOldGen       total 42496K, used 34037K [0x00000000e0000000, 0x00000000e2980000, 0x00000000f5500000)
  object space 42496K, 80% used [0x00000000e0000000,0x00000000e213d770,0x00000000e2980000)
 PSPermGen       total 131072K, used 38467K [0x00000000d8000000, 0x00000000e0000000, 0x00000000e0000000)
  object space 131072K, 29% used [0x00000000d8000000,0x00000000da590de8,0x00000000e0000000)
}
Event: 14.556 GC heap before
{Heap before GC invocations=9 (full 0):
 PSYoungGen      total 68096K, used 68068K [0x00000000f5500000, 0x00000000f9a00000, 0x0000000100000000)
  eden space 65536K, 100% used [0x00000000f5500000,0x00000000f9500000,0x00000000f9500000)
  from space 2560K, 98% used [0x00000000f9780000,0x00000000f99f9250,0x00000000f9a00000)
  to   space 2560K, 0% used [0x00000000f9500000,0x00000000f9500000,0x00000000f9780000)
 ParOldGen       total 42496K, used 34037K [0x00000000e0000000, 0x00000000e2980000, 0x00000000f5500000)
  object space 42496K, 80% used [0x00000000e0000000,0x00000000e213d770,0x00000000e2980000)
 PSPermGen       total 131072K, used 40096K [0x00000000d8000000, 0x00000000e0000000, 0x00000000e0000000)
  object space 131072K, 30% used [0x00000000d8000000,0x00000000da728108,0x00000000e0000000)
Event: 14.576 GC heap after
Heap after GC invocations=9 (full 0):
 PSYoungGen      total 68096K, used 2548K [0x00000000f5500000, 0x00000000f9a00000, 0x0000000100000000)
  eden space 65536K, 0% used [0x00000000f5500000,0x00000000f5500000,0x00000000f9500000)
  from space 2560K, 99% used [0x00000000f9500000,0x00000000f977d260,0x00000000f9780000)
  to   space 2560K, 0% used [0x00000000f9780000,0x00000000f9780000,0x00000000f9a00000)
 ParOldGen       total 42496K, used 36673K [0x00000000e0000000, 0x00000000e2980000, 0x00000000f5500000)
  object space 42496K, 86% used [0x00000000e0000000,0x00000000e23d0650,0x00000000e2980000)
 PSPermGen       total 131072K, used 40096K [0x00000000d8000000, 0x00000000e0000000, 0x00000000e0000000)
  object space 131072K, 30% used [0x00000000d8000000,0x00000000da728108,0x00000000e0000000)
}
Event: 14.576 GC heap before
{Heap before GC invocations=10 (full 1):
 PSYoungGen      total 68096K, used 2548K [0x00000000f5500000, 0x00000000f9a00000, 0x0000000100000000)
  eden space 65536K, 0% used [0x00000000f5500000,0x00000000f5500000,0x00000000f9500000)
  from space 2560K, 99% used [0x00000000f9500000,0x00000000f977d260,0x00000000f9780000)
  to   space 2560K, 0% used [0x00000000f9780000,0x00000000f9780000,0x00000000f9a00000)
 ParOldGen       total 42496K, used 36673K [0x00000000e0000000, 0x00000000e2980000, 0x00000000f5500000)
  object space 42496K, 86% used [0x00000000e0000000,0x00000000e23d0650,0x00000000e2980000)
 PSPermGen       total 131072K, used 40096K [0x00000000d8000000, 0x00000000e0000000, 0x00000000e0000000)
  object space 131072K, 30% used [0x00000000d8000000,0x00000000da728108,0x00000000e0000000)
Event: 14.988 GC heap after
Heap after GC invocations=10 (full 1):
 PSYoungGen      total 68096K, used 0K [0x00000000f5500000, 0x00000000f9a00000, 0x0000000100000000)
  eden space 65536K, 0% used [0x00000000f5500000,0x00000000f5500000,0x00000000f9500000)
  from space 2560K, 0% used [0x00000000f9500000,0x00000000f9500000,0x00000000f9780000)
  to   space 2560K, 0% used [0x00000000f9780000,0x00000000f9780000,0x00000000f9a00000)
 ParOldGen       total 56320K, used 20288K [0x00000000e0000000, 0x00000000e3700000, 0x00000000f5500000)
  object space 56320K, 36% used [0x00000000e0000000,0x00000000e13d0100,0x00000000e3700000)
 PSPermGen       total 131072K, used 40015K [0x00000000d8000000, 0x00000000e0000000, 0x00000000e0000000)
  object space 131072K, 30% used [0x00000000d8000000,0x00000000da713ed8,0x00000000e0000000)
}

