# JRE version: Java(TM) SE Runtime Environment (7.0_45-b18) (build 1.7.0_45-b18)
# Java VM: Java HotSpot(TM) 64-Bit Server VM (24.45-b08 mixed mode windows-amd64 compressed oops)
Heap
 PSYoungGen      total 157184K, used 65775K [0x00000000f5500000, 0x00000000fff00000, 0x0000000100000000)
  eden space 141312K, 40% used [0x00000000f5500000,0x00000000f8c58290,0x00000000fdf00000)
  from space 15872K, 57% used [0x00000000fef80000,0x00000000ff863a78,0x00000000fff00000)
  to   space 16384K, 0% used [0x00000000fdf00000,0x00000000fdf00000,0x00000000fef00000)
 ParOldGen       total 42496K, used 34307K [0x00000000e0000000, 0x00000000e2980000, 0x00000000f5500000)
  object space 42496K, 80% used [0x00000000e0000000,0x00000000e2180e48,0x00000000e2980000)
 PSPermGen       total 131072K, used 53069K [0x00000000d8000000, 0x00000000e0000000, 0x00000000e0000000)
  object space 131072K, 40% used [0x00000000d8000000,0x00000000db3d3510,0x00000000e0000000)
GC Heap History (10 events):
Event: 11.851 GC heap before
{Heap before GC invocations=8 (full 0):
 PSYoungGen      total 142336K, used 142323K [0x00000000f5500000, 0x0000000100000000, 0x0000000100000000)
  eden space 130560K, 100% used [0x00000000f5500000,0x00000000fd480000,0x00000000fd480000)
  from space 11776K, 99% used [0x00000000fd480000,0x00000000fdffcd90,0x00000000fe000000)
  to   space 14848K, 0% used [0x00000000ff180000,0x00000000ff180000,0x0000000100000000)
 ParOldGen       total 42496K, used 21363K [0x00000000e0000000, 0x00000000e2980000, 0x00000000f5500000)
  object space 42496K, 50% used [0x00000000e0000000,0x00000000e14dcea0,0x00000000e2980000)
 PSPermGen       total 131072K, used 42705K [0x00000000d8000000, 0x00000000e0000000, 0x00000000e0000000)
  object space 131072K, 32% used [0x00000000d8000000,0x00000000da9b45d0,0x00000000e0000000)
Event: 11.896 GC heap after
Heap after GC invocations=8 (full 0):
 PSYoungGen      total 156160K, used 13363K [0x00000000f5500000, 0x0000000100000000, 0x0000000100000000)
  eden space 141312K, 0% used [0x00000000f5500000,0x00000000f5500000,0x00000000fdf00000)
  from space 14848K, 90% used [0x00000000ff180000,0x00000000ffe8ce20,0x0000000100000000)
  to   space 16896K, 0% used [0x00000000fdf00000,0x00000000fdf00000,0x00000000fef80000)
 ParOldGen       total 42496K, used 22216K [0x00000000e0000000, 0x00000000e2980000, 0x00000000f5500000)
  object space 42496K, 52% used [0x00000000e0000000,0x00000000e15b23a8,0x00000000e2980000)
 PSPermGen       total 131072K, used 42705K [0x00000000d8000000, 0x00000000e0000000, 0x00000000e0000000)
  object space 131072K, 32% used [0x00000000d8000000,0x00000000da9b45d0,0x00000000e0000000)
}
Event: 14.185 GC heap before
{Heap before GC invocations=9 (full 0):
 PSYoungGen      total 156160K, used 154675K [0x00000000f5500000, 0x0000000100000000, 0x0000000100000000)
  eden space 141312K, 100% used [0x00000000f5500000,0x00000000fdf00000,0x00000000fdf00000)
  from space 14848K, 90% used [0x00000000ff180000,0x00000000ffe8ce20,0x0000000100000000)
  to   space 16896K, 0% used [0x00000000fdf00000,0x00000000fdf00000,0x00000000fef80000)
 ParOldGen       total 42496K, used 22216K [0x00000000e0000000, 0x00000000e2980000, 0x00000000f5500000)
  object space 42496K, 52% used [0x00000000e0000000,0x00000000e15b23a8,0x00000000e2980000)
 PSPermGen       total 131072K, used 44124K [0x00000000d8000000, 0x00000000e0000000, 0x00000000e0000000)
  object space 131072K, 33% used [0x00000000d8000000,0x00000000dab17320,0x00000000e0000000)
Event: 14.226 GC heap after
Heap after GC invocations=9 (full 0):
 PSYoungGen      total 158208K, used 11258K [0x00000000f5500000, 0x0000000100000000, 0x0000000100000000)
  eden space 141312K, 0% used [0x00000000f5500000,0x00000000f5500000,0x00000000fdf00000)
  from space 16896K, 66% used [0x00000000fdf00000,0x00000000fe9feb88,0x00000000fef80000)
  to   space 16896K, 0% used [0x00000000fef80000,0x00000000fef80000,0x0000000100000000)
 ParOldGen       total 42496K, used 25439K [0x00000000e0000000, 0x00000000e2980000, 0x00000000f5500000)
  object space 42496K, 59% used [0x00000000e0000000,0x00000000e18d7c10,0x00000000e2980000)
 PSPermGen       total 131072K, used 44124K [0x00000000d8000000, 0x00000000e0000000, 0x00000000e0000000)
  object space 131072K, 33% used [0x00000000d8000000,0x00000000dab17320,0x00000000e0000000)
}
Event: 15.363 GC heap before
{Heap before GC invocations=10 (full 0):
 PSYoungGen      total 158208K, used 152570K [0x00000000f5500000, 0x0000000100000000, 0x0000000100000000)
  eden space 141312K, 100% used [0x00000000f5500000,0x00000000fdf00000,0x00000000fdf00000)
  from space 16896K, 66% used [0x00000000fdf00000,0x00000000fe9feb88,0x00000000fef80000)
  to   space 16896K, 0% used [0x00000000fef80000,0x00000000fef80000,0x0000000100000000)
 ParOldGen       total 42496K, used 25439K [0x00000000e0000000, 0x00000000e2980000, 0x00000000f5500000)
  object space 42496K, 59% used [0x00000000e0000000,0x00000000e18d7c10,0x00000000e2980000)
 PSPermGen       total 131072K, used 44977K [0x00000000d8000000, 0x00000000e0000000, 0x00000000e0000000)
  object space 131072K, 34% used [0x00000000d8000000,0x00000000dabec550,0x00000000e0000000)
Event: 15.397 GC heap after
Heap after GC invocations=10 (full 0):
 PSYoungGen      total 158208K, used 4629K [0x00000000f5500000, 0x0000000100000000, 0x0000000100000000)
  eden space 141312K, 0% used [0x00000000f5500000,0x00000000f5500000,0x00000000fdf00000)
  from space 16896K, 27% used [0x00000000fef80000,0x00000000ff405410,0x0000000100000000)
  to   space 16896K, 0% used [0x00000000fdf00000,0x00000000fdf00000,0x00000000fef80000)
 ParOldGen       total 42496K, used 30707K [0x00000000e0000000, 0x00000000e2980000, 0x00000000f5500000)
  object space 42496K, 72% used [0x00000000e0000000,0x00000000e1dfce28,0x00000000e2980000)
 PSPermGen       total 131072K, used 44977K [0x00000000d8000000, 0x00000000e0000000, 0x00000000e0000000)
  object space 131072K, 34% used [0x00000000d8000000,0x00000000dabec550,0x00000000e0000000)
}
Event: 16.093 GC heap before
{Heap before GC invocations=11 (full 0):
 PSYoungGen      total 158208K, used 145941K [0x00000000f5500000, 0x0000000100000000, 0x0000000100000000)
  eden space 141312K, 100% used [0x00000000f5500000,0x00000000fdf00000,0x00000000fdf00000)
  from space 16896K, 27% used [0x00000000fef80000,0x00000000ff405410,0x0000000100000000)
  to   space 16896K, 0% used [0x00000000fdf00000,0x00000000fdf00000,0x00000000fef80000)
 ParOldGen       total 42496K, used 30707K [0x00000000e0000000, 0x00000000e2980000, 0x00000000f5500000)
  object space 42496K, 72% used [0x00000000e0000000,0x00000000e1dfce28,0x00000000e2980000)
 PSPermGen       total 131072K, used 45112K [0x00000000d8000000, 0x00000000e0000000, 0x00000000e0000000)
  object space 131072K, 34% used [0x00000000d8000000,0x00000000dac0e228,0x00000000e0000000)
Event: 16.112 GC heap after
Heap after GC invocations=11 (full 0):
 PSYoungGen      total 158208K, used 3712K [0x00000000f5500000, 0x0000000100000000, 0x0000000100000000)
  eden space 141312K, 0% used [0x00000000f5500000,0x00000000f5500000,0x00000000fdf00000)
  from space 16896K, 21% used [0x00000000fdf00000,0x00000000fe2a0050,0x00000000fef80000)
  to   space 16896K, 0% used [0x00000000fef80000,0x00000000fef80000,0x0000000100000000)
 ParOldGen       total 42496K, used 34259K [0x00000000e0000000, 0x00000000e2980000, 0x00000000f5500000)
  object space 42496K, 80% used [0x00000000e0000000,0x00000000e2174e48,0x00000000e2980000)
 PSPermGen       total 131072K, used 45112K [0x00000000d8000000, 0x00000000e0000000, 0x00000000e0000000)
  object space 131072K, 34% used [0x00000000d8000000,0x00000000dac0e228,0x00000000e0000000)
}
Event: 18.444 GC heap before
{Heap before GC invocations=12 (full 0):
 PSYoungGen      total 158208K, used 145024K [0x00000000f5500000, 0x0000000100000000, 0x0000000100000000)
  eden space 141312K, 100% used [0x00000000f5500000,0x00000000fdf00000,0x00000000fdf00000)
  from space 16896K, 21% used [0x00000000fdf00000,0x00000000fe2a0050,0x00000000fef80000)
  to   space 16896K, 0% used [0x00000000fef80000,0x00000000fef80000,0x0000000100000000)
 ParOldGen       total 42496K, used 34259K [0x00000000e0000000, 0x00000000e2980000, 0x00000000f5500000)
  object space 42496K, 80% used [0x00000000e0000000,0x00000000e2174e48,0x00000000e2980000)
 PSPermGen       total 131072K, used 49426K [0x00000000d8000000, 0x00000000e0000000, 0x00000000e0000000)
  object space 131072K, 37% used [0x00000000d8000000,0x00000000db044858,0x00000000e0000000)
Event: 18.462 GC heap after
Heap after GC invocations=12 (full 0):
 PSYoungGen      total 157184K, used 9102K [0x00000000f5500000, 0x00000000fff00000, 0x0000000100000000)
  eden space 141312K, 0% used [0x00000000f5500000,0x00000000f5500000,0x00000000fdf00000)
  from space 15872K, 57% used [0x00000000fef80000,0x00000000ff863a78,0x00000000fff00000)
  to   space 16384K, 0% used [0x00000000fdf00000,0x00000000fdf00000,0x00000000fef00000)
 ParOldGen       total 42496K, used 34307K [0x00000000e0000000, 0x00000000e2980000, 0x00000000f5500000)
  object space 42496K, 80% used [0x00000000e0000000,0x00000000e2180e48,0x00000000e2980000)
 PSPermGen       total 131072K, used 49426K [0x00000000d8000000, 0x00000000e0000000, 0x00000000e0000000)
  object space 131072K, 37% used [0x00000000d8000000,0x00000000db044858,0x00000000e0000000)
}

